2024-11-28 20:23:01,973 - INFO - Successfully fetched 16 new articles for query: EURUSD ECB
2024-11-28 20:23:02,709 - INFO - Successfully fetched 19 new articles for query: EURUSD Eurozone
2024-11-28 20:23:03,457 - INFO - Successfully fetched 20 new articles for query: EURUSD EUR/USD
2024-11-28 20:23:04,222 - INFO - Successfully fetched 16 new articles for query: EURUSD European Central Bank
2024-11-28 20:23:05,026 - INFO - Successfully fetched 20 new articles for query: EURUSD EU economy
2024-11-28 20:23:05,739 - INFO - Successfully fetched 20 new articles for query: EURUSD Euro Dollar
2024-11-28 20:23:06,447 - INFO - Successfully fetched 13 new articles for query: EURUSD Federal Reserve
2024-11-28 20:23:07,141 - INFO - Successfully fetched 5 new articles for query: GBPUSD BOE
2024-11-28 20:23:07,722 - INFO - Successfully fetched 3 new articles for query: GBPUSD UK Economy
2024-11-28 20:23:08,447 - INFO - Successfully fetched 20 new articles for query: GBPUSD GBP/USD
2024-11-28 20:23:09,128 - INFO - Successfully fetched 7 new articles for query: GBPUSD Bank of England
2024-11-28 20:23:09,816 - INFO - Successfully fetched 7 new articles for query: GBPUSD British pound
2024-11-28 20:23:10,426 - INFO - Successfully fetched 3 new articles for query: GBPUSD UK inflation
2024-11-28 20:23:11,084 - INFO - Successfully fetched 5 new articles for query: USDJPY BOJ
2024-11-28 20:23:11,700 - WARNING - No results found for query: USDJPY US-Japan Relations
2024-11-28 20:23:12,447 - INFO - Successfully fetched 20 new articles for query: USDJPY USD/JPY
2024-11-28 20:23:13,051 - INFO - Successfully fetched 3 new articles for query: USDJPY Bank of Japan
2024-11-28 20:23:13,666 - INFO - Successfully fetched 3 new articles for query: USDJPY Japanese economy
2024-11-28 20:23:14,488 - INFO - Successfully fetched 20 new articles for query: USDJPY Yen Dollar
2024-11-28 20:23:15,610 - INFO - Successfully fetched 1 new articles for query: XAUUSD Gold prices
2024-11-28 20:23:16,191 - WARNING - No results found for query: XAUUSD Gold demand
2024-11-28 20:23:16,816 - INFO - Successfully fetched 1 new articles for query: XAUUSD XAU/USD
2024-11-28 20:23:17,417 - INFO - Successfully fetched 1 new articles for query: XAUUSD Gold market
2024-11-28 20:23:18,017 - WARNING - No results found for query: XAUUSD Gold trading
2024-11-28 20:23:21,317 - INFO - Updated sentiment file with 223 new entries
2024-11-28 20:23:21,337 - INFO - Data successfully saved to 'data/sentiment_data.csv'
2024-11-28 20:23:21,337 - INFO - News fetching completed successfully
